<?xml version="1.0" encoding="UTF-8"?>
<!-- Generated by org.testng.reporters.JUnitXMLReporter -->
<testsuite ignored="0" hostname="ashish" failures="0" tests="4" name="Test" time="68.146" errors="0" timestamp="2022-03-14T21:41:38 IST">
  <testcase classname="Tests.DummyTest2" name="dummyTest2" time="13.223"/>
  <testcase classname="Tests.DummyTest1" name="dummyTest1" time="10.781"/>
  <testcase classname="Tests.LoginTest" name="login" time="6.952"/>
  <testcase classname="Tests.LoginTest" name="login" time="14.605"/>
</testsuite> <!-- Test -->
